DressupAndroid/media_selector/build/intermediates/manifest_merge_blame_file/debug/manifest-merger-blame-debug-report.txt
1<?xml version="1.0" encoding="utf-8"?>
2<manifest xmlns:android="http://schemas.android.com/apk/res/android"
3    package="cn.dreamfruits.selector" >
4
5    <uses-sdk android:minSdkVersion="22" />
5-->src/main/AndroidManifest.xml
6
7    <application>
7-->src/main/AndroidManifest.xml:5:5-23:19
8        <activity
8-->src/main/AndroidManifest.xml:7:9-10:51
9            android:name="cn.dreamfruits.selector.PublishPickerActivity"
9-->src/main/AndroidManifest.xml:8:13-50
10            android:exported="false"
10-->src/main/AndroidManifest.xml:9:13-37
11            android:screenOrientation="portrait" />
11-->src/main/AndroidManifest.xml:10:13-49
12        <activity
12-->src/main/AndroidManifest.xml:11:9-14:51
13            android:name="cn.dreamfruits.selector.PublishPickerActivity2"
13-->src/main/AndroidManifest.xml:12:13-51
14            android:exported="false"
14-->src/main/AndroidManifest.xml:13:13-37
15            android:screenOrientation="portrait" />
15-->src/main/AndroidManifest.xml:14:13-49
16        <activity
16-->src/main/AndroidManifest.xml:16:9-18:51
17            android:name="cn.dreamfruits.selector.preview.PicturePreviewActivity"
17-->src/main/AndroidManifest.xml:16:19-65
18            android:exported="false"
18-->src/main/AndroidManifest.xml:17:13-37
19            android:screenOrientation="portrait" />
19-->src/main/AndroidManifest.xml:18:13-49
20        <activity
20-->src/main/AndroidManifest.xml:20:9-22:51
21            android:name="cn.dreamfruits.selector.AlbumActivity"
21-->src/main/AndroidManifest.xml:20:19-48
22            android:exported="false"
22-->src/main/AndroidManifest.xml:21:13-37
23            android:screenOrientation="portrait" />
23-->src/main/AndroidManifest.xml:22:13-49
24    </application>
25
26</manifest>